<?xml version="1.0" encoding="UTF-8"?>
<testsuite xmlns:xsi="http://www.w3.org/2001/XMLSchema-instance" xsi:noNamespaceSchemaLocation="https://maven.apache.org/surefire/maven-surefire-plugin/xsd/surefire-test-report.xsd" name="com.rk.junit.firstapp.math.CalculatorTest" time="20.624" tests="22" errors="0" skipped="2" failures="0">
  <properties>
[...]
</properties>
  <testcase name="testException" classname="com.rk.junit.firstapp.math.CalculatorTest" time="0.069"/>
  <testcase name="testDoActionWithinTimeAndReturn" classname="com.rk.junit.firstapp.math.CalculatorTest" time="10.11"/>
  <testcase name="doParamaterizedTest1{int[]}[1]" classname="com.rk.junit.firstapp.math.CalculatorTest" time="0.041"/>
  <testcase name="doParamaterizedTest1{int[]}[2]" classname="com.rk.junit.firstapp.math.CalculatorTest" time="0.002"/>
  <testcase name="doParamaterizedTest1{int[]}[3]" classname="com.rk.junit.firstapp.math.CalculatorTest" time="0.003"/>
  <testcase name="doParamaterizedTest2{int}[1]" classname="com.rk.junit.firstapp.math.CalculatorTest" time="0.011"/>
  <testcase name="doParamaterizedTest2{int}[2]" classname="com.rk.junit.firstapp.math.CalculatorTest" time="0.004"/>
  <testcase name="doParamaterizedTest2{int}[3]" classname="com.rk.junit.firstapp.math.CalculatorTest" time="0.003"/>
  <testcase name="testOnDev" classname="com.rk.junit.firstapp.math.CalculatorTest" time="0.002"/>
  <testcase name="doDynamicTest[1]" classname="com.rk.junit.firstapp.math.CalculatorTest" time="0.004"/>
  <testcase name="doDynamicTest[2]" classname="com.rk.junit.firstapp.math.CalculatorTest" time="0.001"/>
  <testcase name="doDynamicTest[3]" classname="com.rk.junit.firstapp.math.CalculatorTest" time="0"/>
  <testcase name="testZeroHandlingInMultiplyTwo[1]" classname="com.rk.junit.firstapp.math.CalculatorTest" time="0.001"/>
  <testcase name="testZeroHandlingInMultiplyTwo[2]" classname="com.rk.junit.firstapp.math.CalculatorTest" time="0.002"/>
  <testcase name="testZeroHandlingInMultiplyTwo[3]" classname="com.rk.junit.firstapp.math.CalculatorTest" time="0.002"/>
  <testcase name="testMultiplyTwo" classname="com.rk.junit.firstapp.math.CalculatorTest" time="0.003"/>
  <testcase name="testDoActionWithinTime" classname="com.rk.junit.firstapp.math.CalculatorTest" time="10.061"/>
  <testcase name="testX" classname="com.rk.junit.firstapp.math.CalculatorTest" time="0">
    <skipped message="Sample test and disabled:why this is diabled"/>
  </testcase>
  <testcase name="testGroupedAssertions" classname="com.rk.junit.firstapp.math.CalculatorTest" time="0.021"/>
  <testcase name="testAddTwo" classname="com.rk.junit.firstapp.math.CalculatorTest" time="0.002"/>
  <testcase name="testOnProd" classname="com.rk.junit.firstapp.math.CalculatorTest" time="0">
    <skipped message="Assumption failed: assumption is not true" type="org.opentest4j.TestAbortedException">org.opentest4j.TestAbortedException: Assumption failed: assumption is not true
	at com.rk.junit.firstapp.math.CalculatorTest.testOnProd(CalculatorTest.java:176)
</skipped>
    <system-out><![CDATA[=====BeforeEach=====
=====AfterEach=====
]]></system-out>
  </testcase>
  <testcase name="testSubTwo" classname="com.rk.junit.firstapp.math.CalculatorTest" time="0.001"/>
</testsuite>